{
"contracts/brottoken.sol":{"l":{"56":6,"57":6,"58":6,"61":6,"63":6,"68":0,"69":0,"73":0,"74":0,"78":0,"79":0,"84":0,"85":0,"94":28},"path":"/Users/bretthenderson/Developer/brotDAO/TOKEN/brot/contracts/brottoken.sol","s":{"1":6,"2":6,"3":6,"4":6,"5":6,"6":0,"7":0,"8":0,"9":0,"10":0,"11":0,"12":0,"13":0,"14":28},"b":{"1":[0,0],"2":[0,0],"3":[0,0],"4":[0,0]},"f":{"1":6,"2":0,"3":0,"4":0,"5":0,"6":28},"fnMap":{"1":{"name":"constructor","line":54,"loc":{"start":{"line":54,"column":4},"end":{"line":65,"column":4}}},"2":{"name":"snapshot","line":67,"loc":{"start":{"line":67,"column":4},"end":{"line":70,"column":4}}},"3":{"name":"pause","line":72,"loc":{"start":{"line":72,"column":4},"end":{"line":75,"column":4}}},"4":{"name":"unpause","line":77,"loc":{"start":{"line":77,"column":4},"end":{"line":80,"column":4}}},"5":{"name":"mint","line":83,"loc":{"start":{"line":83,"column":4},"end":{"line":86,"column":4}}},"6":{"name":"_beforeTokenTransfer","line":91,"loc":{"start":{"line":89,"column":4},"end":{"line":95,"column":4}}}},"statementMap":{"1":{"start":{"line":56,"column":8},"end":{"line":56,"column":49}},"2":{"start":{"line":57,"column":8},"end":{"line":57,"column":44}},"3":{"start":{"line":58,"column":8},"end":{"line":58,"column":42}},"4":{"start":{"line":61,"column":8},"end":{"line":61,"column":47}},"5":{"start":{"line":63,"column":8},"end":{"line":63,"column":42}},"6":{"start":{"line":68,"column":8},"end":{"line":68,"column":50}},"7":{"start":{"line":69,"column":8},"end":{"line":69,"column":18}},"8":{"start":{"line":73,"column":8},"end":{"line":73,"column":48}},"9":{"start":{"line":74,"column":8},"end":{"line":74,"column":15}},"10":{"start":{"line":78,"column":8},"end":{"line":78,"column":48}},"11":{"start":{"line":79,"column":8},"end":{"line":79,"column":17}},"12":{"start":{"line":84,"column":8},"end":{"line":84,"column":48}},"13":{"start":{"line":85,"column":8},"end":{"line":85,"column":24}},"14":{"start":{"line":94,"column":12},"end":{"line":94,"column":55}}},"branchMap":{"1":{"line":68,"type":"if","locations":[{"start":{"line":68,"column":8},"end":{"line":68,"column":8}},{"start":{"line":68,"column":8},"end":{"line":68,"column":8}}]},"2":{"line":73,"type":"if","locations":[{"start":{"line":73,"column":8},"end":{"line":73,"column":8}},{"start":{"line":73,"column":8},"end":{"line":73,"column":8}}]},"3":{"line":78,"type":"if","locations":[{"start":{"line":78,"column":8},"end":{"line":78,"column":8}},{"start":{"line":78,"column":8},"end":{"line":78,"column":8}}]},"4":{"line":84,"type":"if","locations":[{"start":{"line":84,"column":8},"end":{"line":84,"column":8}},{"start":{"line":84,"column":8},"end":{"line":84,"column":8}}]}}},
"contracts/Greeter.sol":{"l":{"13":0,"14":0,"18":0,"22":0,"23":0},"path":"/Users/bretthenderson/Developer/brotDAO/TOKEN/brot/contracts/Greeter.sol","s":{"1":0,"2":0,"3":0,"4":0,"5":0},"b":{},"f":{"1":0,"2":0,"3":0},"fnMap":{"1":{"name":"constructor","line":12,"loc":{"start":{"line":12,"column":2},"end":{"line":15,"column":2}}},"2":{"name":"greet","line":17,"loc":{"start":{"line":17,"column":2},"end":{"line":19,"column":2}}},"3":{"name":"setGreeting","line":21,"loc":{"start":{"line":21,"column":2},"end":{"line":24,"column":2}}}},"statementMap":{"1":{"start":{"line":13,"column":4},"end":{"line":13,"column":63}},"2":{"start":{"line":14,"column":4},"end":{"line":14,"column":23}},"3":{"start":{"line":18,"column":4},"end":{"line":18,"column":19}},"4":{"start":{"line":22,"column":4},"end":{"line":22,"column":74}},"5":{"start":{"line":23,"column":4},"end":{"line":23,"column":23}}},"branchMap":{}}}
