TN:
SF:/Users/bretthenderson/Developer/brotDAO/TOKEN/brot/contracts/brottoken.sol
FN:54,constructor
FN:67,snapshot
FN:72,pause
FN:77,unpause
FN:83,mint
FN:91,_beforeTokenTransfer
FNF:6
FNH:2
FNDA:6,constructor
FNDA:0,snapshot
FNDA:0,pause
FNDA:0,unpause
FNDA:0,mint
FNDA:28,_beforeTokenTransfer
DA:56,6
DA:57,6
DA:58,6
DA:61,6
DA:63,6
DA:68,0
DA:69,0
DA:73,0
DA:74,0
DA:78,0
DA:79,0
DA:84,0
DA:85,0
DA:94,28
LF:14
LH:6
BRDA:68,1,0,0
BRDA:68,1,1,0
BRDA:73,2,0,0
BRDA:73,2,1,0
BRDA:78,3,0,0
BRDA:78,3,1,0
BRDA:84,4,0,0
BRDA:84,4,1,0
BRF:8
BRH:0
end_of_record
TN:
SF:/Users/bretthenderson/Developer/brotDAO/TOKEN/brot/contracts/Greeter.sol
FN:12,constructor
FN:17,greet
FN:21,setGreeting
FNF:3
FNH:0
FNDA:0,constructor
FNDA:0,greet
FNDA:0,setGreeting
DA:13,0
DA:14,0
DA:18,0
DA:22,0
DA:23,0
LF:5
LH:0
BRF:0
BRH:0
end_of_record
